2024.10.06 14:12:40 INFO  Started: Metals version 1.3.5 in folders 'C:\Users\tyagi\Documents\scala_prog\first_prog' for client Visual Studio Code 1.94.0.
SLF4J(W): Class path contains multiple SLF4J providers.
SLF4J(W): Found provider [scribe.slf4j.ScribeServiceProvider@77190763]
SLF4J(W): Found provider [ch.qos.logback.classic.spi.LogbackServiceProvider@1b8aa182]
SLF4J(W): See https://www.slf4j.org/codes.html#multiple_bindings for an explanation.
SLF4J(I): Actual provider is of type [scribe.slf4j.ScribeServiceProvider@77190763]
2024.10.06 14:12:40 WARN  Flyway upgrade recommended: H2 2.3.230 is newer than this version of Flyway and support has not been tested. The latest supported version of H2 is 2.2.220.
2024.10.06 14:12:41 INFO  no build target found for C:\Users\tyagi\Documents\scala_prog\first_prog\prog\src\main\scala\Main.scala. Using presentation compiler with project's scala-library version: 3.3.3
2024.10.06 14:12:41 INFO  no build target found for C:\Users\tyagi\Documents\scala_prog\first_prog\prog\src\main\scala\Main.scala. Using presentation compiler with project's scala-library version: 3.3.3
2024.10.06 14:12:45 INFO  running 'C:\Progra~1\Java\jdk1.8\bin\java.exe -Djline.terminal=jline.UnsupportedTerminal -Dsbt.log.noformat=true -Dfile.encoding=UTF-8 -jar C:\Users\tyagi\AppData\Local\Temp\metals11210974209389893870\sbt-launch.jar -Dbloop.export-jar-classifiers=sources bloopInstall'
2024.10.06 14:12:46 INFO  [info] welcome to sbt 1.10.2 (Oracle Corporation Java 1.8.0_361)
2024.10.06 14:12:49 INFO  [info] loading settings for project prog-build-build from metals.sbt ...
2024.10.06 14:12:49 INFO  [info] loading project definition from C:\Users\tyagi\Documents\scala_prog\first_prog\prog\project\project
2024.10.06 14:12:51 INFO  [info] loading settings for project prog-build from metals.sbt ...
2024.10.06 14:12:51 INFO  [info] loading project definition from C:\Users\tyagi\Documents\scala_prog\first_prog\prog\project
2024.10.06 14:12:53 INFO  [success] Generated .bloop\prog-build.json
2024.10.06 14:12:53 INFO  [success] Total time: 2 s, completed 6 Oct, 2024 2:12:53 PM
2024.10.06 14:12:53 INFO  [info] loading settings for project root from build.sbt ...
2024.10.06 14:12:54 INFO  [info] set current project to prog (in build file:/C:/Users/tyagi/Documents/scala_prog/first_prog/prog/)
2024.10.06 14:12:54 INFO  [success] Generated .bloop\root.json
2024.10.06 14:12:54 INFO  [success] Generated .bloop\root-test.json
2024.10.06 14:12:54 INFO  [success] Total time: 1 s, completed 6 Oct, 2024 2:12:55 PM
2024.10.06 14:12:55 INFO  time: ran 'sbt bloopInstall' in 10s
2024.10.06 14:12:55 INFO  Attempting to connect to the build server...
2024.10.06 14:13:00 INFO  tracing is disabled for protocol BSP, to enable tracing of incoming and outgoing JSON messages create an empty file at C:\Users\tyagi\Documents\scala_prog\first_prog\.metals\bsp.trace.json or C:\Users\tyagi\AppData\Local\scalameta\metals\cache\bsp.trace.json
2024.10.06 14:13:02 INFO  time: Connected to build server in 6.95s
2024.10.06 14:13:02 INFO  Connected to Build server: Bloop v1.6.0
2024.10.06 14:13:02 INFO  time: Imported build in 0.12s
2024.10.06 14:13:02 INFO  running doctor check
2024.10.06 14:13:02 INFO  java targets: root-test, root
2024.10.06 14:13:04 WARN  Flyway upgrade recommended: H2 2.3.230 is newer than this version of Flyway and support has not been tested. The latest supported version of H2 is 2.2.220.
2024.10.06 14:13:06 INFO  time: indexed workspace in 4.23s
2024.10.06 14:13:07 INFO  compiling root (1 scala source)
2024.10.06 14:13:10 INFO  compiling root-test (1 scala source)
2024.10.06 14:13:10 INFO  time: compiled root in 3.38s
2024.10.06 14:13:11 INFO  time: compiled root-test in 1.02s
2024.10.06 14:14:56 INFO  compiling root (1 scala source)
2024.10.06 14:14:56 INFO  time: compiled root in 0.21s
Oct 06, 2024 2:15:26 PM org.eclipse.lsp4j.jsonrpc.RemoteEndpoint handleCancellation
WARNING: Unmatched cancel notification for request id 120
2024.10.06 14:15:29 INFO  compiling root (1 scala source)
2024.10.06 14:15:29 INFO  time: compiled root in 0.58s
2024.10.06 14:16:05 INFO  Shutting down server
2024.10.06 14:16:05 INFO  shutting down Metals
2024.10.06 14:16:05 INFO  Shut down connection with build server.
2024.10.06 14:16:05 INFO  Exiting server
